<?xml version="1.0" encoding="UTF-8"?>
<testng-results ignored="0" total="1" passed="1" failed="0" skipped="0">
  <reporter-output>
  </reporter-output>
  <suite started-at="2025-12-25T15:35:50 UTC" name="Surefire suite" finished-at="2025-12-25T15:37:48 UTC" duration-ms="117942">
    <groups>
    </groups>
    <test started-at="2025-12-25T15:35:50 UTC" name="Surefire test" finished-at="2025-12-25T15:37:48 UTC" duration-ms="117942">
      <class name="tests.InsuranceRegistrationTest">
        <test-method is-config="true" signature="setup()[pri:0, instance:tests.InsuranceRegistrationTest@3fb1549b]" started-at="2025-12-25T15:35:51 UTC" name="setup" finished-at="2025-12-25T15:37:44 UTC" duration-ms="113268" status="PASS">
          <reporter-output>
          </reporter-output>
        </test-method> <!-- setup -->
        <test-method signature="tc01_Register()[pri:0, instance:tests.InsuranceRegistrationTest@3fb1549b]" started-at="2025-12-25T15:37:44 UTC" name="tc01_Register" finished-at="2025-12-25T15:37:48 UTC" duration-ms="4599" status="PASS">
          <reporter-output>
          </reporter-output>
        </test-method> <!-- tc01_Register -->
      </class> <!-- tests.InsuranceRegistrationTest -->
    </test> <!-- Surefire test -->
  </suite> <!-- Surefire suite -->
</testng-results>
