<?xml version="1.0" encoding="UTF-8"?>
<testng-results ignored="0" total="1" passed="1" failed="0" skipped="0">
  <reporter-output>
  </reporter-output>
  <suite started-at="2025-12-25T16:46:25 IST" name="Surefire suite" finished-at="2025-12-25T16:46:34 IST" duration-ms="8835">
    <groups>
    </groups>
    <test started-at="2025-12-25T16:46:25 IST" name="Surefire test" finished-at="2025-12-25T16:46:34 IST" duration-ms="8835">
      <class name="tests.InsuranceRegistrationTest">
        <test-method is-config="true" signature="setup()[pri:0, instance:tests.InsuranceRegistrationTest@5d534f5d]" started-at="2025-12-25T16:46:26 IST" name="setup" finished-at="2025-12-25T16:46:31 IST" duration-ms="5563" status="PASS">
          <reporter-output>
          </reporter-output>
        </test-method> <!-- setup -->
        <test-method signature="tc01_Register()[pri:0, instance:tests.InsuranceRegistrationTest@5d534f5d]" started-at="2025-12-25T16:46:31 IST" name="tc01_Register" finished-at="2025-12-25T16:46:34 IST" duration-ms="3153" status="PASS">
          <reporter-output>
          </reporter-output>
        </test-method> <!-- tc01_Register -->
      </class> <!-- tests.InsuranceRegistrationTest -->
    </test> <!-- Surefire test -->
  </suite> <!-- Surefire suite -->
</testng-results>
